2024-10-21 07:53:40 [INFO]: Connected to Database
2024-10-21 07:54:08 [INFO]: Connected to Database
2024-10-21 07:54:22 [INFO]: Connected to Database
2024-10-21 07:54:22 [INFO]: Server is now listening on 5000
2024-10-21 07:54:38 [INFO]: Connected to Database
2024-10-21 07:54:38 [INFO]: Server is now listening on 5000
2024-10-21 07:54:53 [INFO]: Connected to Database
2024-10-21 07:54:53 [INFO]: Server is now listening on 5000
2024-10-21 07:55:08 [INFO]: Connected to Database
2024-10-21 07:55:08 [INFO]: Server is now listening on 5000
2024-10-21 07:55:16 [INFO]: Connected to Database
2024-10-21 07:55:16 [INFO]: Server is now listening on 5000
2024-10-21 07:55:49 [INFO]: Connected to Database
2024-10-21 07:55:49 [INFO]: Server is now listening on 5000
2024-10-21 07:56:47 [INFO]: Connected to Database
2024-10-21 07:56:47 [INFO]: Server is now listening on 5000
2024-10-21 08:03:15 [INFO]: Connected to Database
2024-10-21 08:03:15 [INFO]: Server is now listening on 5000
2024-10-21 08:03:54 [INFO]: Connected to Database
2024-10-21 08:03:54 [INFO]: Server is now listening on 5000
2024-10-21 08:06:38 [INFO]: Connected to Database
2024-10-21 08:06:38 [INFO]: Server is now listening on 5000
2024-10-21 08:06:47 [INFO]: Connected to Database
2024-10-21 08:06:47 [INFO]: Server is now listening on 5000
2024-10-21 08:06:50 [INFO]: Connected to Database
2024-10-21 08:06:50 [INFO]: Server is now listening on 5000
2024-10-21 08:07:23 [INFO]: Connected to Database
2024-10-21 08:07:23 [INFO]: Server is now listening on 5000
2024-10-21 08:07:55 [INFO]: Connected to Database
2024-10-21 08:07:55 [INFO]: Server is now listening on 5000
2024-10-21 08:09:14 [INFO]: Connected to Database
2024-10-21 08:09:14 [INFO]: Server is now listening on 5000
2024-10-21 08:10:43 [INFO]: Connected to Database
2024-10-21 08:10:43 [INFO]: Server is now listening on 5000
2024-10-21 08:11:00 [INFO]: Connected to Database
2024-10-21 08:11:00 [INFO]: Server is now listening on 5000
2024-10-21 08:12:53 [INFO]: Connected to Database
2024-10-21 08:12:53 [INFO]: Server is now listening on 5000
2024-10-21 08:12:55 [INFO]: Connected to Database
2024-10-21 08:12:55 [INFO]: Server is now listening on 5000
2024-10-21 08:14:21 [INFO]: Connected to Database
2024-10-21 08:14:21 [INFO]: Server is now listening on 5000
2024-10-21 08:15:29 [INFO]: Connected to Database
2024-10-21 08:15:29 [INFO]: Server is now listening on 5000
2024-10-21 08:15:51 [INFO]: Connected to Database
2024-10-21 08:15:51 [INFO]: Server is now listening on 5000
2024-10-21 08:17:48 [INFO]: Connected to Database
2024-10-21 08:17:48 [INFO]: Server is now listening on 5000
2024-10-21 08:18:20 [INFO]: Connected to Database
2024-10-21 08:18:20 [INFO]: Server is now listening on 5000
2024-10-21 08:20:54 [INFO]: Connected to Database
2024-10-21 08:20:54 [INFO]: Server is now listening on 5000
2024-10-21 08:21:06 [INFO]: Connected to Database
2024-10-21 08:21:06 [INFO]: Server is now listening on 5000
2024-10-21 08:21:14 [INFO]: Connected to Database
2024-10-21 08:21:14 [INFO]: Server is now listening on 5000
2024-10-21 08:22:04 [INFO]: Connected to Database
2024-10-21 08:22:04 [INFO]: Server is now listening on 5000
2024-10-21 08:22:24 [INFO]: Connected to Database
2024-10-21 08:22:24 [INFO]: Server is now listening on 5000
2024-10-21 08:23:23 [INFO]: Connected to Database
2024-10-21 08:23:23 [INFO]: Server is now listening on 5000
2024-10-21 08:23:33 [INFO]: Connected to Database
2024-10-21 08:23:33 [INFO]: Server is now listening on 5000
2024-10-21 08:28:34 [INFO]: Connected to Database
2024-10-21 08:28:34 [INFO]: Server is now listening on 5000
2024-10-21 08:29:17 [INFO]: Connected to Database
2024-10-21 08:29:17 [INFO]: Server is now listening on 5000
2024-10-21 08:29:30 [INFO]: Connected to Database
2024-10-21 08:29:30 [INFO]: Server is now listening on 5000
2024-10-21 08:33:01 [INFO]: Connected to Database
2024-10-21 08:33:01 [INFO]: Server is now listening on 5000
2024-10-21 08:33:04 [INFO]: Connected to Database
2024-10-21 08:33:04 [INFO]: Server is now listening on 5000
2024-10-21 08:33:06 [INFO]: Connected to Database
2024-10-21 08:33:06 [INFO]: Server is now listening on 5000
2024-10-21 08:33:13 [INFO]: Connected to Database
2024-10-21 08:33:13 [INFO]: Server is now listening on 5000
2024-10-21 08:33:37 [INFO]: Connected to Database
2024-10-21 08:33:37 [INFO]: Server is now listening on 5000
2024-10-21 08:33:56 [INFO]: Connected to Database
2024-10-21 08:33:56 [INFO]: Server is now listening on 5000
2024-10-21 08:46:00 [INFO]: Connected to Database
2024-10-21 08:46:00 [INFO]: Server is now listening on 5000
2024-10-21 08:46:30 [INFO]: Registration attempt received
2024-10-21 08:46:30 [WARN]: Registration failed: Invalid email format
2024-10-21 08:46:38 [INFO]: Registration attempt received
2024-10-21 08:46:38 [WARN]: Registration failed: Passwords do not match
2024-10-21 08:46:50 [INFO]: Registration attempt received
2024-10-21 08:46:50 [INFO]: Password hashed successfully
2024-10-21 08:46:50 [INFO]: Verification code generated
2024-10-21 08:46:50 [INFO]: New user saved to the database
2024-10-21 08:46:51 [ERROR]: Error sending verification email:
2024-10-21 08:47:19 [INFO]: Registration attempt received
2024-10-21 08:47:19 [WARN]: Registration failed: Invalid username length
2024-10-21 08:47:26 [INFO]: Registration attempt received
2024-10-21 08:47:26 [WARN]: Registration failed: Username already taken
2024-10-21 08:47:39 [INFO]: Connected to Database
2024-10-21 08:47:39 [INFO]: Server is now listening on 5000
2024-10-21 08:47:40 [INFO]: Registration attempt received
2024-10-21 08:47:40 [WARN]: Registration failed: Invalid username length
2024-10-21 08:48:33 [INFO]: Connected to Database
2024-10-21 08:48:33 [INFO]: Server is now listening on 5000
2024-10-21 08:48:38 [INFO]: Registration attempt received
2024-10-21 08:48:38 [WARN]: Registration failed: Invalid username length
2024-10-21 08:50:17 [INFO]: Connected to Database
2024-10-21 08:50:17 [INFO]: Server is now listening on 5000
2024-10-21 08:50:20 [INFO]: Connected to Database
2024-10-21 08:50:20 [INFO]: Server is now listening on 5000
2024-10-21 08:51:29 [INFO]: Connected to Database
2024-10-21 08:51:29 [INFO]: Server is now listening on 5000
2024-10-21 08:51:41 [INFO]: Connected to Database
2024-10-21 08:51:41 [INFO]: Server is now listening on 5000
2024-10-21 08:51:42 [INFO]: Connected to Database
2024-10-21 08:51:42 [INFO]: Server is now listening on 5000
2024-10-21 08:51:45 [INFO]: Connected to Database
2024-10-21 08:51:45 [INFO]: Server is now listening on 5000
2024-10-21 08:51:59 [INFO]: Connected to Database
2024-10-21 08:51:59 [INFO]: Server is now listening on 5000
2024-10-21 08:52:02 [INFO]: Connected to Database
2024-10-21 08:52:02 [INFO]: Server is now listening on 5000
2024-10-21 08:52:06 [INFO]: Registration attempt received
2024-10-21 08:52:06 [WARN]: Registration failed: Invalid username length
2024-10-21 08:52:47 [INFO]: Registration attempt received
2024-10-21 08:52:47 [WARN]: Registration failed: Invalid username length
2024-10-21 08:53:28 [INFO]: Registration attempt received
2024-10-21 08:53:28 [WARN]: Registration failed: Missing fields
2024-10-21 08:54:27 [INFO]: Registration attempt received
2024-10-21 08:54:27 [WARN]: Registration failed: Invalid username length
2024-10-21 08:54:47 [INFO]: Connected to Database
2024-10-21 08:54:47 [INFO]: Server is now listening on 5000
2024-10-21 08:55:57 [INFO]: Registration attempt received
2024-10-21 08:55:57 [WARN]: Registration failed: Passwords do not match
2024-10-21 08:58:00 [INFO]: Connected to Database
2024-10-21 08:58:00 [INFO]: Server is now listening on 5000
2024-10-21 08:58:02 [INFO]: Registration attempt received
2024-10-21 08:58:02 [WARN]: Registration failed: Passwords do not match
2024-10-21 08:58:35 [INFO]: Connected to Database
2024-10-21 08:58:35 [INFO]: Server is now listening on 5000
2024-10-21 08:58:47 [INFO]: Connected to Database
2024-10-21 08:58:47 [INFO]: Server is now listening on 5000
2024-10-21 08:58:57 [INFO]: Connected to Database
2024-10-21 08:58:57 [INFO]: Server is now listening on 5000
2024-10-21 08:59:01 [INFO]: Connected to Database
2024-10-21 08:59:01 [INFO]: Server is now listening on 5000
2024-10-21 08:59:14 [INFO]: Connected to Database
2024-10-21 08:59:14 [INFO]: Server is now listening on 5000
2024-10-21 08:59:25 [INFO]: Connected to Database
2024-10-21 08:59:25 [INFO]: Server is now listening on 5000
2024-10-21 08:59:28 [INFO]: Registration attempt received
2024-10-21 08:59:28 [WARN]: Registration failed: Passwords do not match
2024-10-21 08:59:58 [INFO]: Connected to Database
2024-10-21 08:59:58 [INFO]: Server is now listening on 5000
2024-10-21 09:00:45 [INFO]: Connected to Database
2024-10-21 09:00:45 [INFO]: Server is now listening on 5000
2024-10-21 09:01:01 [INFO]: Registration attempt received
2024-10-21 09:01:01 [WARN]: Registration failed: Invalid username length
2024-10-21 09:01:18 [INFO]: Connected to Database
2024-10-21 09:01:18 [INFO]: Server is now listening on 5000
2024-10-21 09:01:20 [INFO]: Registration attempt received
2024-10-21 09:01:20 [WARN]: Registration failed: Invalid username length: j******@gmail.com
2024-10-21 09:02:31 [INFO]: Connected to Database
2024-10-21 09:02:31 [INFO]: Server is now listening on 5000
2024-10-21 09:02:33 [INFO]: Registration attempt received
2024-10-21 09:02:33 [WARN]: Registration failed: Invalid username length: jo******@gmail.com
2024-10-21 09:03:28 [INFO]: Connected to Database
2024-10-21 09:03:28 [INFO]: Server is now listening on 5000
2024-10-21 09:03:44 [INFO]: Connected to Database
2024-10-21 09:03:44 [INFO]: Server is now listening on 5000
2024-10-21 09:03:54 [INFO]: Connected to Database
2024-10-21 09:03:54 [INFO]: Server is now listening on 5000
2024-10-21 09:04:02 [INFO]: Connected to Database
2024-10-21 09:04:02 [INFO]: Server is now listening on 5000
2024-10-21 09:04:11 [INFO]: Connected to Database
2024-10-21 09:04:11 [INFO]: Server is now listening on 5000
2024-10-21 09:04:13 [INFO]: Registration attempt received
2024-10-21 09:04:13 [WARN]: Registration failed: Invalid username length: jo******@gmail.com
2024-10-21 09:04:28 [INFO]: Registration attempt received
2024-10-21 09:04:28 [WARN]: Registration failed: Invalid email format: jo******@gmail.co
2024-10-21 09:04:39 [INFO]: Registration attempt received
2024-10-21 09:04:39 [WARN]: Registration failed: Passwords do not match: jo******@gmail.com
2024-10-21 09:04:52 [INFO]: Registration attempt received
2024-10-21 09:04:52 [INFO]: Password hashed successfully
2024-10-21 09:04:52 [INFO]: Verification code generated
2024-10-21 09:04:52 [INFO]: New user saved to the database: jo******@gmail.com
2024-10-21 09:04:54 [INFO]: Verification email sent to: jo******@gmail.com
2024-10-21 09:05:07 [INFO]: Registration attempt received
2024-10-21 09:05:07 [WARN]: Registration failed: Username already taken, jo******@gmail.com
2024-10-21 09:05:11 [INFO]: Registration attempt received
2024-10-21 09:05:11 [WARN]: Registration failed: Email already exists, jo******@gmail.com
2024-10-21 09:05:31 [INFO]: Connected to Database
2024-10-21 09:05:31 [INFO]: Server is now listening on 5000
2024-10-21 09:05:33 [INFO]: Registration attempt received
2024-10-21 09:05:33 [WARN]: Registration failed: Email already exists - jo******@gmail.com
2024-10-21 09:10:14 [INFO]: Connected to Database
2024-10-21 09:10:14 [INFO]: Server is now listening on 5000
2024-10-21 09:10:56 [INFO]: Connected to Database
2024-10-21 09:10:56 [INFO]: Server is now listening on 5000
2024-10-21 09:12:44 [INFO]: Connected to Database
2024-10-21 09:12:44 [INFO]: Server is now listening on 5000
2024-10-21 09:14:14 [INFO]: Connected to Database
2024-10-21 09:14:14 [INFO]: Server is now listening on 5000
2024-10-21 09:14:21 [INFO]: Registration attempt received
2024-10-21 09:14:21 [WARN]: Registration failed: Email already exists - jo******@gmail.com
2024-10-21 09:15:04 [INFO]: Registration attempt received
2024-10-21 09:15:04 [WARN]: Registration failed: Invalid username length: jo******@gmail.com
2024-10-21 09:17:37 [INFO]: Connected to Database
2024-10-21 09:17:37 [INFO]: Server is now listening on 5000
2024-10-21 09:17:41 [INFO]: Connected to Database
2024-10-21 09:17:41 [INFO]: Server is now listening on 5000
2024-10-21 09:17:48 [INFO]: Registration attempt received
2024-10-21 09:17:48 [WARN]: Registration failed: Invalid username length: jo******@gmail.com
2024-10-21 09:21:21 [INFO]: Connected to Database
2024-10-21 09:21:21 [INFO]: Server is now listening on 5000
2024-10-21 09:21:31 [INFO]: Connected to Database
2024-10-21 09:21:31 [INFO]: Server is now listening on 5000
2024-10-21 09:21:31 [INFO]: Registration attempt received
2024-10-21 09:21:31 [WARN]: Registration failed: Invalid username length: jo******@gmail.com
2024-10-21 09:21:55 [INFO]: Connected to Database
2024-10-21 09:21:55 [INFO]: Server is now listening on 5000
2024-10-21 09:22:02 [INFO]: Registration attempt received
2024-10-21 09:22:02 [WARN]: Registration failed: Invalid username length: jo******@gmail.com
2024-10-21 09:25:25 [INFO]: Connected to Database
2024-10-21 09:25:25 [INFO]: Server is now listening on 5000
2024-10-21 09:25:27 [INFO]: Registration attempt received
2024-10-21 09:25:27 [WARN]: Registration failed: Invalid username length: jo******@gmail.com
2024-10-21 09:26:19 [INFO]: Connected to Database
2024-10-21 09:26:19 [INFO]: Server is now listening on 5000
