2024-10-21 08:46:51 [ERROR]: Error sending verification email:
2024-10-21 11:41:08 [ERROR]: Error sending verification email:
2024-10-21 16:09:21 [ERROR]: Login error: maskedEmail is not defined
2024-10-21 16:10:47 [ERROR]: Login error: Please input a valid email
2024-10-21 16:11:50 [ERROR]: Login error: Incorrect password
2024-10-21 16:23:39 [ERROR]: Login error: Incorrect password
2024-11-09 10:16:49 [ERROR]: Registration error: Please input a valid email
2024-11-09 10:16:56 [ERROR]: Registration error: Username already taken
2024-11-09 10:17:49 [ERROR]: Verification error: Verification code is incorrect, please try again
2024-11-09 10:18:14 [ERROR]: Login error: Incorrect password
2024-11-09 10:38:42 [ERROR]: Error following the user
2024-11-09 10:39:17 [ERROR]: Error following the user
2024-11-09 10:40:56 [ERROR]: Error following the user
2024-11-09 10:42:06 [ERROR]: Error following the user
2024-11-09 10:42:39 [ERROR]: Error following the user
2024-11-09 10:43:32 [ERROR]: Error following the user
2024-11-09 10:43:56 [ERROR]: Error following the user
2024-11-09 10:45:10 [ERROR]: Error following the user
2024-11-09 10:45:12 [ERROR]: Error following the user
2024-11-09 10:48:01 [ERROR]: Error following the user
2024-11-09 14:53:45 [ERROR]: Error unfollowing user: followId is not defined
2024-11-09 14:54:19 [ERROR]: Error unfollowing user: id is not defined
2024-11-09 14:55:36 [ERROR]: Error unfollowing user: id is not defined
2024-11-09 14:55:43 [ERROR]: Error following user: Failed to follow user: Already following
2024-11-09 14:56:42 [ERROR]: Error unfollowing user: id is not defined
2024-11-09 14:57:39 [ERROR]: Error unfollowing user: Failed to unfollow user: You are not following them
2024-11-11 14:42:09 [ERROR]: Error posting the job - SkillsRequired must be an array of alphanumeric strings.
2024-11-11 14:51:31 [ERROR]: Error posting the job - Missing required fields: title, description, skillsRequired, deadline, and userId are required.
2024-11-11 14:51:56 [ERROR]: Error posting the job - Missing required fields: title, description, skillsRequired, deadline, and userId are required.
2024-11-11 14:59:56 [ERROR]: Error posting the job - Missing required fields: title, description, skillsRequired, deadline, and userId are required.
2024-11-11 15:00:09 [ERROR]: Error posting the job - Invalid job type. Available types: Computer Science & IT, Web Design & Graphic Design, Digital Marketing & Social Media, Content Creation & Writing, Photography & Visual Arts, Virtual Assistant & Administrative Support, Transcription & Translation, Consulting & Business Strategy, Sales & Marketing, Voiceovers & Audio Production, Accounting & Financial Services, Legal & Intellectual Property Services, Event Planning & Coordination, Health, Fitness & Wellness, Education & Tutoring
2024-11-11 15:00:23 [ERROR]: Error posting the job - Job validation failed: type: Path `type` is required.
2024-11-13 14:22:59 [ERROR]: Error posting the job - Invalid job type. Available types: Computer Science and IT, Web and Graphic Design, Digital Marketing and Social Media, Content Creation and Writing, Photography and Visual Arts, Virtual Assistant and Administrative Support, Transcription and Translation, Consulting and Business Strategy, Sales and Marketing, Voiceovers and Audio Production, Accounting and Financial Services, Legal and Intellectual Property Services, Event Planning and Coordination, Health, Fitness and Wellness, Education and Tutoring, School Works
2024-11-13 14:25:18 [ERROR]: Error deleting the job post - You dont have permission to delete this post
2024-11-13 14:25:38 [ERROR]: Error deleting the job post - Invalid formats.
2024-11-13 14:26:14 [ERROR]: Error deleting the job post - You dont have permission to delete this post
2024-11-13 14:26:34 [ERROR]: Error deleting the job post - You dont have permission to delete this post
2024-11-13 16:05:33 [ERROR]: Error posting the job - Invalid job type. Available types: Computer Science and IT, Web and Graphic Design, Digital Marketing and Social Media, Content Creation and Writing, Photography and Visual Arts, Virtual Assistant and Administrative Support, Transcription and Translation, Consulting and Business Strategy, Sales and Marketing, Voiceovers and Audio Production, Accounting and Financial Services, Legal and Intellectual Property Services, Event Planning and Coordination, Health, Fitness and Wellness, Education and Tutoring, School Works
2024-11-14 19:25:07 [ERROR]: Error posting the job - Invalid job type. Available types: Computer Science and IT, Web and Graphic Design, Digital Marketing and Social Media, Content Creation and Writing, Photography and Visual Arts, Virtual Assistant and Administrative Support, Transcription and Translation, Consulting and Business Strategy, Sales and Marketing, Voiceovers and Audio Production, Accounting and Financial Services, Legal and Intellectual Property Services, Event Planning and Coordination, Health, Fitness and Wellness, Education and Tutoring, School Works
2024-11-14 19:25:12 [ERROR]: Error posting the job - Invalid job type. Available types: Computer Science and IT, Web and Graphic Design, Digital Marketing and Social Media, Content Creation and Writing, Photography and Visual Arts, Virtual Assistant and Administrative Support, Transcription and Translation, Consulting and Business Strategy, Sales and Marketing, Voiceovers and Audio Production, Accounting and Financial Services, Legal and Intellectual Property Services, Event Planning and Coordination, Health, Fitness and Wellness, Education and Tutoring, School Works
2024-11-14 19:26:16 [ERROR]: Error deleting the job post - Job not found.
2024-11-14 19:26:20 [ERROR]: Error posting the job - Missing required fields: title, description, skillsRequired, deadline, and userId are required.
